2025-04-15 15:54:51 INFO  [o.h.validator.internal.util.Version] - HV000001: Hibernate Validator 8.0.2.Final
2025-04-15 15:54:51 INFO  [o.e.w.WarehouseRestApiApplication] - Starting WarehouseRestApiApplication using Java 17.0.14 with PID 18424 (C:\Users\adamp\Desktop\ZF_Zad\WarehouseREST_API\target\classes started by adamp in C:\Users\adamp\Desktop\ZF_Zad\WarehouseREST_API)
2025-04-15 15:54:51 INFO  [o.e.w.WarehouseRestApiApplication] - No active profile set, falling back to 1 default profile: "default"
2025-04-15 15:54:52 INFO  [o.s.d.r.c.RepositoryConfigurationDelegate] - Bootstrapping Spring Data JPA repositories in DEFAULT mode.
2025-04-15 15:54:52 INFO  [o.s.d.r.c.RepositoryConfigurationDelegate] - Finished Spring Data repository scanning in 37 ms. Found 1 JPA repository interface.
2025-04-15 15:54:52 INFO  [o.s.b.w.e.tomcat.TomcatWebServer] - Tomcat initialized with port 8080 (http)
2025-04-15 15:54:52 INFO  [o.a.coyote.http11.Http11NioProtocol] - Initializing ProtocolHandler ["http-nio-8080"]
2025-04-15 15:54:52 INFO  [o.a.catalina.core.StandardService] - Starting service [Tomcat]
2025-04-15 15:54:52 INFO  [o.a.catalina.core.StandardEngine] - Starting Servlet engine: [Apache Tomcat/10.1.39]
2025-04-15 15:54:52 INFO  [o.a.c.c.C.[Tomcat].[localhost].[/]] - Initializing Spring embedded WebApplicationContext
2025-04-15 15:54:52 INFO  [o.s.b.w.s.c.ServletWebServerApplicationContext] - Root WebApplicationContext: initialization completed in 1103 ms
2025-04-15 15:54:52 INFO  [o.h.jpa.internal.util.LogHelper] - HHH000204: Processing PersistenceUnitInfo [name: default]
2025-04-15 15:54:52 INFO  [org.hibernate.Version] - HHH000412: Hibernate ORM core version 6.6.11.Final
2025-04-15 15:54:52 INFO  [o.h.c.i.RegionFactoryInitiator] - HHH000026: Second-level cache disabled
2025-04-15 15:54:53 INFO  [o.s.o.j.p.SpringPersistenceUnitInfo] - No LoadTimeWeaver setup: ignoring JPA class transformer
2025-04-15 15:54:53 INFO  [com.zaxxer.hikari.HikariDataSource] - HikariPool-1 - Starting...
2025-04-15 15:54:53 INFO  [com.zaxxer.hikari.pool.HikariPool] - HikariPool-1 - Added connection org.postgresql.jdbc.PgConnection@6200b644
2025-04-15 15:54:53 INFO  [com.zaxxer.hikari.HikariDataSource] - HikariPool-1 - Start completed.
2025-04-15 15:54:53 WARN  [org.hibernate.orm.deprecation] - HHH90000025: PostgreSQLDialect does not need to be specified explicitly using 'hibernate.dialect' (remove the property setting and it will be selected by default)
2025-04-15 15:54:53 INFO  [o.hibernate.orm.connections.pooling] - HHH10001005: Database info:
	Database JDBC URL [Connecting through datasource 'HikariDataSource (HikariPool-1)']
	Database driver: undefined/unknown
	Database version: 17.4
	Autocommit mode: undefined/unknown
	Isolation level: undefined/unknown
	Minimum pool size: undefined/unknown
	Maximum pool size: undefined/unknown
2025-04-15 15:54:53 DEBUG [o.h.t.d.sql.spi.DdlTypeRegistry] - addDescriptor(2003, org.hibernate.type.descriptor.sql.internal.ArrayDdlTypeImpl@459d2ee6) replaced previous registration(org.hibernate.type.descriptor.sql.internal.ArrayDdlTypeImpl@5342eec5)
2025-04-15 15:54:53 DEBUG [o.h.t.d.sql.spi.DdlTypeRegistry] - addDescriptor(6, org.hibernate.type.descriptor.sql.internal.CapacityDependentDdlType@60e47aab) replaced previous registration(org.hibernate.type.descriptor.sql.internal.DdlTypeImpl@261a66b8)
2025-04-15 15:54:54 INFO  [o.h.e.t.j.p.i.JtaPlatformInitiator] - HHH000489: No JTA platform available (set 'hibernate.transaction.jta.platform' to enable JTA platform integration)
2025-04-15 15:54:54 INFO  [o.s.o.j.LocalContainerEntityManagerFactoryBean] - Initialized JPA EntityManagerFactory for persistence unit 'default'
2025-04-15 15:54:54 WARN  [o.s.b.a.o.j.JpaBaseConfiguration$JpaWebConfiguration] - spring.jpa.open-in-view is enabled by default. Therefore, database queries may be performed during view rendering. Explicitly configure spring.jpa.open-in-view to disable this warning
2025-04-15 15:54:54 INFO  [o.a.coyote.http11.Http11NioProtocol] - Starting ProtocolHandler ["http-nio-8080"]
2025-04-15 15:54:54 INFO  [o.s.b.w.e.tomcat.TomcatWebServer] - Tomcat started on port 8080 (http) with context path '/'
2025-04-15 15:54:54 INFO  [o.e.w.WarehouseRestApiApplication] - Started WarehouseRestApiApplication in 4.178 seconds (process running for 4.555)
2025-04-15 15:54:54 INFO  [o.e.w.WarehouseRestApiApplication] - Warehouse REST API successfully started at 2025-04-15T15:54:54.961498300
2025-04-15 15:55:12 INFO  [o.h.validator.internal.util.Version] - HV000001: Hibernate Validator 8.0.2.Final
2025-04-15 15:55:12 INFO  [o.e.w.i.PartControllerIntegrationTest] - Starting PartControllerIntegrationTest using Java 17.0.14 with PID 3936 (started by adamp in C:\Users\adamp\Desktop\ZF_Zad\WarehouseREST_API)
2025-04-15 15:55:12 INFO  [o.e.w.i.PartControllerIntegrationTest] - No active profile set, falling back to 1 default profile: "default"
2025-04-15 15:55:13 INFO  [o.s.d.r.c.RepositoryConfigurationDelegate] - Bootstrapping Spring Data JPA repositories in DEFAULT mode.
2025-04-15 15:55:13 INFO  [o.s.d.r.c.RepositoryConfigurationDelegate] - Finished Spring Data repository scanning in 51 ms. Found 1 JPA repository interface.
2025-04-15 15:55:14 INFO  [o.s.b.w.e.tomcat.TomcatWebServer] - Tomcat initialized with port 0 (http)
2025-04-15 15:55:14 INFO  [o.a.coyote.http11.Http11NioProtocol] - Initializing ProtocolHandler ["http-nio-auto-1"]
2025-04-15 15:55:14 INFO  [o.a.catalina.core.StandardService] - Starting service [Tomcat]
2025-04-15 15:55:14 INFO  [o.a.catalina.core.StandardEngine] - Starting Servlet engine: [Apache Tomcat/10.1.39]
2025-04-15 15:55:14 INFO  [o.a.c.c.C.[Tomcat].[localhost].[/]] - Initializing Spring embedded WebApplicationContext
2025-04-15 15:55:14 INFO  [o.s.b.w.s.c.ServletWebServerApplicationContext] - Root WebApplicationContext: initialization completed in 1358 ms
2025-04-15 15:55:14 INFO  [o.h.jpa.internal.util.LogHelper] - HHH000204: Processing PersistenceUnitInfo [name: default]
2025-04-15 15:55:14 INFO  [org.hibernate.Version] - HHH000412: Hibernate ORM core version 6.6.11.Final
2025-04-15 15:55:14 INFO  [o.h.c.i.RegionFactoryInitiator] - HHH000026: Second-level cache disabled
2025-04-15 15:55:15 INFO  [o.s.o.j.p.SpringPersistenceUnitInfo] - No LoadTimeWeaver setup: ignoring JPA class transformer
2025-04-15 15:55:15 INFO  [com.zaxxer.hikari.HikariDataSource] - HikariPool-1 - Starting...
2025-04-15 15:55:15 INFO  [com.zaxxer.hikari.pool.HikariPool] - HikariPool-1 - Added connection org.postgresql.jdbc.PgConnection@279e1422
2025-04-15 15:55:15 INFO  [com.zaxxer.hikari.HikariDataSource] - HikariPool-1 - Start completed.
2025-04-15 15:55:15 WARN  [org.hibernate.orm.deprecation] - HHH90000025: PostgreSQLDialect does not need to be specified explicitly using 'hibernate.dialect' (remove the property setting and it will be selected by default)
2025-04-15 15:55:15 INFO  [o.hibernate.orm.connections.pooling] - HHH10001005: Database info:
	Database JDBC URL [Connecting through datasource 'HikariDataSource (HikariPool-1)']
	Database driver: undefined/unknown
	Database version: 17.4
	Autocommit mode: undefined/unknown
	Isolation level: undefined/unknown
	Minimum pool size: undefined/unknown
	Maximum pool size: undefined/unknown
2025-04-15 15:55:15 DEBUG [o.h.t.d.sql.spi.DdlTypeRegistry] - addDescriptor(2003, org.hibernate.type.descriptor.sql.internal.ArrayDdlTypeImpl@2c2e5e72) replaced previous registration(org.hibernate.type.descriptor.sql.internal.ArrayDdlTypeImpl@3e489ac1)
2025-04-15 15:55:15 DEBUG [o.h.t.d.sql.spi.DdlTypeRegistry] - addDescriptor(6, org.hibernate.type.descriptor.sql.internal.CapacityDependentDdlType@26888c31) replaced previous registration(org.hibernate.type.descriptor.sql.internal.DdlTypeImpl@24010875)
2025-04-15 15:55:15 INFO  [o.h.e.t.j.p.i.JtaPlatformInitiator] - HHH000489: No JTA platform available (set 'hibernate.transaction.jta.platform' to enable JTA platform integration)
2025-04-15 15:55:16 INFO  [o.s.o.j.LocalContainerEntityManagerFactoryBean] - Initialized JPA EntityManagerFactory for persistence unit 'default'
2025-04-15 15:55:16 WARN  [o.s.b.a.o.j.JpaBaseConfiguration$JpaWebConfiguration] - spring.jpa.open-in-view is enabled by default. Therefore, database queries may be performed during view rendering. Explicitly configure spring.jpa.open-in-view to disable this warning
2025-04-15 15:55:17 INFO  [o.a.coyote.http11.Http11NioProtocol] - Starting ProtocolHandler ["http-nio-auto-1"]
2025-04-15 15:55:17 INFO  [o.s.b.w.e.tomcat.TomcatWebServer] - Tomcat started on port 58429 (http) with context path '/'
2025-04-15 15:55:17 INFO  [o.e.w.i.PartControllerIntegrationTest] - Started PartControllerIntegrationTest in 4.608 seconds (process running for 5.393)
2025-04-15 15:55:17 INFO  [o.e.w.WarehouseRestApiApplication] - Warehouse REST API successfully started at 2025-04-15T15:55:17.129525100
2025-04-15 15:55:17 DEBUG [org.hibernate.SQL] - select p1_0.material_number,p1_0.serial_number,p1_0.supplier_number,p1_0.quantity from parts p1_0
2025-04-15 15:55:17 INFO  [o.a.c.c.C.[Tomcat].[localhost].[/]] - Initializing Spring DispatcherServlet 'dispatcherServlet'
2025-04-15 15:55:17 INFO  [o.s.web.servlet.DispatcherServlet] - Initializing Servlet 'dispatcherServlet'
2025-04-15 15:55:17 INFO  [o.s.web.servlet.DispatcherServlet] - Completed initialization in 1 ms
2025-04-15 15:55:17 DEBUG [org.hibernate.SQL] - select count(*) from parts p1_0 where (p1_0.material_number,p1_0.serial_number,p1_0.supplier_number)=(?,?,?)
2025-04-15 15:55:17 DEBUG [org.hibernate.SQL] - select p1_0.material_number,p1_0.serial_number,p1_0.supplier_number,p1_0.quantity from parts p1_0 where (p1_0.material_number,p1_0.serial_number,p1_0.supplier_number) in ((?,?,?))
2025-04-15 15:55:17 INFO  [o.e.w.service.PartService] - Added new part PartId{materialNumber='M1', serialNumber='S1', supplierNumber='SUP1'} with initial quantity 0
2025-04-15 15:55:17 DEBUG [org.hibernate.SQL] - insert into parts (quantity,material_number,serial_number,supplier_number) values (?,?,?,?)
2025-04-15 15:55:18 DEBUG [org.hibernate.SQL] - select p1_0.material_number,p1_0.serial_number,p1_0.supplier_number,p1_0.quantity from parts p1_0
2025-04-15 15:55:18 DEBUG [org.hibernate.SQL] - delete from parts where material_number=? and serial_number=? and supplier_number=?
2025-04-15 15:55:18 DEBUG [org.hibernate.SQL] - select p1_0.material_number,p1_0.serial_number,p1_0.supplier_number,p1_0.quantity from parts p1_0
2025-04-15 15:55:18 INFO  [o.e.w.service.PartService] - Retrieved 0 parts from inventory (Get all parts from warehouse)
2025-04-15 15:55:18 ERROR [o.e.w.e.GlobalExceptionHandler] - Handling ResponseStatusException: 404 NOT_FOUND "No parts found in the warehouse"
2025-04-15 15:55:18 DEBUG [org.hibernate.SQL] - select p1_0.material_number,p1_0.serial_number,p1_0.supplier_number,p1_0.quantity from parts p1_0
2025-04-15 15:55:18 DEBUG [org.hibernate.SQL] - select count(*) from parts p1_0 where (p1_0.material_number,p1_0.serial_number,p1_0.supplier_number)=(?,?,?)
2025-04-15 15:55:18 DEBUG [org.hibernate.SQL] - select p1_0.material_number,p1_0.serial_number,p1_0.supplier_number,p1_0.quantity from parts p1_0 where (p1_0.material_number,p1_0.serial_number,p1_0.supplier_number) in ((?,?,?))
2025-04-15 15:55:18 INFO  [o.e.w.service.PartService] - Added new part PartId{materialNumber='M3', serialNumber='S3', supplierNumber='SUP3'} with initial quantity 0
2025-04-15 15:55:18 DEBUG [org.hibernate.SQL] - insert into parts (quantity,material_number,serial_number,supplier_number) values (?,?,?,?)
2025-04-15 15:55:18 DEBUG [org.hibernate.SQL] - select p1_0.material_number,p1_0.serial_number,p1_0.supplier_number,p1_0.quantity from parts p1_0 where (p1_0.material_number,p1_0.serial_number,p1_0.supplier_number) in ((?,?,?))
2025-04-15 15:55:18 INFO  [o.e.w.service.PartService] - Increased quantity for part PartId{materialNumber='M3', serialNumber='S3', supplierNumber='SUP3'} by 5 (new quantity: 5)
2025-04-15 15:55:18 DEBUG [org.hibernate.SQL] - update parts set quantity=? where material_number=? and serial_number=? and supplier_number=?
2025-04-15 15:55:18 DEBUG [org.hibernate.SQL] - select p1_0.material_number,p1_0.serial_number,p1_0.supplier_number,p1_0.quantity from parts p1_0
2025-04-15 15:55:18 DEBUG [org.hibernate.SQL] - delete from parts where material_number=? and serial_number=? and supplier_number=?
2025-04-15 15:55:18 DEBUG [org.hibernate.SQL] - select count(*) from parts p1_0 where (p1_0.material_number,p1_0.serial_number,p1_0.supplier_number)=(?,?,?)
2025-04-15 15:55:18 DEBUG [org.hibernate.SQL] - select p1_0.material_number,p1_0.serial_number,p1_0.supplier_number,p1_0.quantity from parts p1_0 where (p1_0.material_number,p1_0.serial_number,p1_0.supplier_number) in ((?,?,?))
2025-04-15 15:55:18 INFO  [o.e.w.service.PartService] - Added new part PartId{materialNumber='M5', serialNumber='S5', supplierNumber='SUP5'} with initial quantity 0
2025-04-15 15:55:18 DEBUG [org.hibernate.SQL] - insert into parts (quantity,material_number,serial_number,supplier_number) values (?,?,?,?)
2025-04-15 15:55:18 DEBUG [org.hibernate.SQL] - select p1_0.material_number,p1_0.serial_number,p1_0.supplier_number,p1_0.quantity from parts p1_0 where (p1_0.material_number,p1_0.serial_number,p1_0.supplier_number) in ((?,?,?))
2025-04-15 15:55:18 INFO  [o.e.w.service.PartService] - Deleted part PartId{materialNumber='M5', serialNumber='S5', supplierNumber='SUP5'} from inventory
2025-04-15 15:55:18 DEBUG [org.hibernate.SQL] - delete from parts where material_number=? and serial_number=? and supplier_number=?
2025-04-15 15:55:18 DEBUG [org.hibernate.SQL] - select p1_0.material_number,p1_0.serial_number,p1_0.supplier_number,p1_0.quantity from parts p1_0 where (p1_0.material_number,p1_0.serial_number,p1_0.supplier_number) in ((?,?,?))
2025-04-15 15:55:18 WARN  [o.e.w.service.PartService] - Part with ID PartId{materialNumber='M5', serialNumber='S5', supplierNumber='SUP5'} not found
2025-04-15 15:55:18 ERROR [o.e.w.e.GlobalExceptionHandler] - Handling ResponseStatusException: 404 NOT_FOUND "Part with ID 'PartId{materialNumber='M5', serialNumber='S5', supplierNumber='SUP5'}' not found"
2025-04-15 15:55:18 DEBUG [org.hibernate.SQL] - select p1_0.material_number,p1_0.serial_number,p1_0.supplier_number,p1_0.quantity from parts p1_0
2025-04-15 15:55:18 DEBUG [org.hibernate.SQL] - select count(*) from parts p1_0 where (p1_0.material_number,p1_0.serial_number,p1_0.supplier_number)=(?,?,?)
2025-04-15 15:55:18 DEBUG [org.hibernate.SQL] - select p1_0.material_number,p1_0.serial_number,p1_0.supplier_number,p1_0.quantity from parts p1_0 where (p1_0.material_number,p1_0.serial_number,p1_0.supplier_number) in ((?,?,?))
2025-04-15 15:55:18 INFO  [o.e.w.service.PartService] - Added new part PartId{materialNumber='M4', serialNumber='S4', supplierNumber='SUP4'} with initial quantity 0
2025-04-15 15:55:18 DEBUG [org.hibernate.SQL] - insert into parts (quantity,material_number,serial_number,supplier_number) values (?,?,?,?)
2025-04-15 15:55:18 DEBUG [org.hibernate.SQL] - select p1_0.material_number,p1_0.serial_number,p1_0.supplier_number,p1_0.quantity from parts p1_0 where (p1_0.material_number,p1_0.serial_number,p1_0.supplier_number) in ((?,?,?))
2025-04-15 15:55:18 INFO  [o.e.w.service.PartService] - Increased quantity for part PartId{materialNumber='M4', serialNumber='S4', supplierNumber='SUP4'} by 10 (new quantity: 10)
2025-04-15 15:55:18 DEBUG [org.hibernate.SQL] - update parts set quantity=? where material_number=? and serial_number=? and supplier_number=?
2025-04-15 15:55:18 DEBUG [org.hibernate.SQL] - select p1_0.material_number,p1_0.serial_number,p1_0.supplier_number,p1_0.quantity from parts p1_0 where (p1_0.material_number,p1_0.serial_number,p1_0.supplier_number) in ((?,?,?))
2025-04-15 15:55:18 INFO  [o.e.w.service.PartService] - Decreased quantity for part PartId{materialNumber='M4', serialNumber='S4', supplierNumber='SUP4'} by 3 (new quantity: 7)
2025-04-15 15:55:18 DEBUG [org.hibernate.SQL] - update parts set quantity=? where material_number=? and serial_number=? and supplier_number=?
2025-04-15 15:55:18 DEBUG [org.hibernate.SQL] - select p1_0.material_number,p1_0.serial_number,p1_0.supplier_number,p1_0.quantity from parts p1_0
2025-04-15 15:55:18 DEBUG [org.hibernate.SQL] - delete from parts where material_number=? and serial_number=? and supplier_number=?
2025-04-15 15:55:18 DEBUG [org.hibernate.SQL] - select p1_0.material_number,p1_0.serial_number,p1_0.supplier_number,p1_0.quantity from parts p1_0 where (p1_0.material_number,p1_0.serial_number,p1_0.supplier_number) in ((?,?,?))
2025-04-15 15:55:18 WARN  [o.e.w.service.PartService] - Part with ID PartId{materialNumber='M2', serialNumber='S2', supplierNumber='SUP2'} not found
2025-04-15 15:55:18 ERROR [o.e.w.e.GlobalExceptionHandler] - Handling ResponseStatusException: 404 NOT_FOUND "Part with ID 'PartId{materialNumber='M2', serialNumber='S2', supplierNumber='SUP2'}' not found"
2025-04-15 15:55:18 INFO  [o.e.w.service.PartService] - Deleted part PartId{materialNumber='X1', serialNumber='Y1', supplierNumber='Z1'} from inventory
2025-04-15 15:55:18 INFO  [o.e.w.service.PartService] - Increased quantity for part PartId{materialNumber='M2', serialNumber='S2', supplierNumber='SUP2'} by 3 (new quantity: 8)
2025-04-15 15:55:18 INFO  [o.e.w.service.PartService] - Added new part PartId{materialNumber='M1', serialNumber='S1', supplierNumber='SUP1'} with initial quantity 0
2025-04-15 15:55:18 WARN  [o.e.w.service.PartService] - Cannot delete part PartId{materialNumber='X2', serialNumber='Y2', supplierNumber='Z2'} because quantity is 5 (not zero)
2025-04-15 15:55:18 INFO  [o.e.w.service.PartService] - Decreased quantity for part PartId{materialNumber='M3', serialNumber='S3', supplierNumber='SUP3'} by 4 (new quantity: 6)
2025-04-15 15:55:18 WARN  [o.e.w.service.PartService] - Cannot subtract 5 from part PartId{materialNumber='M3', serialNumber='S3', supplierNumber='SUP3'} because current quantity is only 2
2025-04-15 15:55:18 WARN  [o.e.w.service.PartService] - Cannot add part PartId{materialNumber='M1', serialNumber='S1', supplierNumber='SUP1'} because it already exists
2025-04-15 15:55:18 INFO  [o.s.t.c.s.AnnotationConfigContextLoaderUtils] - Could not detect default configuration classes for test class [org.example.warehouserest_api.WarehouseRestApiApplicationTests]: WarehouseRestApiApplicationTests does not declare any static, non-private, non-final, nested classes annotated with @Configuration.
2025-04-15 15:55:18 INFO  [o.s.b.t.c.SpringBootTestContextBootstrapper] - Found @SpringBootConfiguration org.example.warehouserest_api.WarehouseRestApiApplication for test class org.example.warehouserest_api.WarehouseRestApiApplicationTests
2025-04-15 15:55:18 INFO  [o.e.w.WarehouseRestApiApplicationTests] - Starting WarehouseRestApiApplicationTests using Java 17.0.14 with PID 3936 (started by adamp in C:\Users\adamp\Desktop\ZF_Zad\WarehouseREST_API)
2025-04-15 15:55:18 INFO  [o.e.w.WarehouseRestApiApplicationTests] - No active profile set, falling back to 1 default profile: "default"
2025-04-15 15:55:18 INFO  [o.s.d.r.c.RepositoryConfigurationDelegate] - Bootstrapping Spring Data JPA repositories in DEFAULT mode.
2025-04-15 15:55:18 INFO  [o.s.d.r.c.RepositoryConfigurationDelegate] - Finished Spring Data repository scanning in 8 ms. Found 1 JPA repository interface.
2025-04-15 15:55:18 INFO  [o.h.jpa.internal.util.LogHelper] - HHH000204: Processing PersistenceUnitInfo [name: default]
2025-04-15 15:55:18 INFO  [o.h.c.i.RegionFactoryInitiator] - HHH000026: Second-level cache disabled
2025-04-15 15:55:18 INFO  [o.s.o.j.p.SpringPersistenceUnitInfo] - No LoadTimeWeaver setup: ignoring JPA class transformer
2025-04-15 15:55:18 INFO  [com.zaxxer.hikari.HikariDataSource] - HikariPool-2 - Starting...
2025-04-15 15:55:18 INFO  [com.zaxxer.hikari.pool.HikariPool] - HikariPool-2 - Added connection org.postgresql.jdbc.PgConnection@38950d4b
2025-04-15 15:55:18 INFO  [com.zaxxer.hikari.HikariDataSource] - HikariPool-2 - Start completed.
2025-04-15 15:55:18 WARN  [org.hibernate.orm.deprecation] - HHH90000025: PostgreSQLDialect does not need to be specified explicitly using 'hibernate.dialect' (remove the property setting and it will be selected by default)
2025-04-15 15:55:18 INFO  [o.hibernate.orm.connections.pooling] - HHH10001005: Database info:
	Database JDBC URL [Connecting through datasource 'HikariDataSource (HikariPool-2)']
	Database driver: undefined/unknown
	Database version: 17.4
	Autocommit mode: undefined/unknown
	Isolation level: undefined/unknown
	Minimum pool size: undefined/unknown
	Maximum pool size: undefined/unknown
2025-04-15 15:55:18 DEBUG [o.h.t.d.sql.spi.DdlTypeRegistry] - addDescriptor(2003, org.hibernate.type.descriptor.sql.internal.ArrayDdlTypeImpl@32fa7ff0) replaced previous registration(org.hibernate.type.descriptor.sql.internal.ArrayDdlTypeImpl@32fccfc2)
2025-04-15 15:55:18 DEBUG [o.h.t.d.sql.spi.DdlTypeRegistry] - addDescriptor(6, org.hibernate.type.descriptor.sql.internal.CapacityDependentDdlType@4702faee) replaced previous registration(org.hibernate.type.descriptor.sql.internal.DdlTypeImpl@576d4810)
2025-04-15 15:55:19 INFO  [o.h.e.t.j.p.i.JtaPlatformInitiator] - HHH000489: No JTA platform available (set 'hibernate.transaction.jta.platform' to enable JTA platform integration)
2025-04-15 15:55:19 INFO  [o.s.o.j.LocalContainerEntityManagerFactoryBean] - Initialized JPA EntityManagerFactory for persistence unit 'default'
2025-04-15 15:55:19 WARN  [o.s.b.a.o.j.JpaBaseConfiguration$JpaWebConfiguration] - spring.jpa.open-in-view is enabled by default. Therefore, database queries may be performed during view rendering. Explicitly configure spring.jpa.open-in-view to disable this warning
2025-04-15 15:55:19 INFO  [o.e.w.WarehouseRestApiApplicationTests] - Started WarehouseRestApiApplicationTests in 0.627 seconds (process running for 7.486)
2025-04-15 15:55:19 INFO  [o.e.w.WarehouseRestApiApplication] - Warehouse REST API successfully started at 2025-04-15T15:55:19.220606900
2025-04-15 15:55:19 INFO  [o.e.w.WarehouseRestApiApplication] - Warehouse REST API shutting down at 2025-04-15T15:55:19.256604900
2025-04-15 15:55:19 INFO  [o.s.b.w.e.tomcat.GracefulShutdown] - Commencing graceful shutdown. Waiting for active requests to complete
2025-04-15 15:55:19 INFO  [o.s.b.w.e.tomcat.GracefulShutdown] - Graceful shutdown complete
2025-04-15 15:55:19 INFO  [o.s.o.j.LocalContainerEntityManagerFactoryBean] - Closing JPA EntityManagerFactory for persistence unit 'default'
2025-04-15 15:55:19 INFO  [com.zaxxer.hikari.HikariDataSource] - HikariPool-1 - Shutdown initiated...
2025-04-15 15:55:19 INFO  [com.zaxxer.hikari.HikariDataSource] - HikariPool-1 - Shutdown completed.
2025-04-15 15:55:19 INFO  [o.e.w.WarehouseRestApiApplication] - Warehouse REST API shutting down at 2025-04-15T15:55:19.498605200
2025-04-15 15:55:19 INFO  [o.s.o.j.LocalContainerEntityManagerFactoryBean] - Closing JPA EntityManagerFactory for persistence unit 'default'
2025-04-15 15:55:19 INFO  [com.zaxxer.hikari.HikariDataSource] - HikariPool-2 - Shutdown initiated...
2025-04-15 15:55:19 INFO  [com.zaxxer.hikari.HikariDataSource] - HikariPool-2 - Shutdown completed.
2025-04-15 15:55:45 INFO  [o.e.w.WarehouseRestApiApplication] - Warehouse REST API shutting down at 2025-04-15T15:55:45.708494800
2025-04-15 15:55:45 INFO  [o.s.b.w.e.tomcat.GracefulShutdown] - Commencing graceful shutdown. Waiting for active requests to complete
2025-04-15 15:55:45 INFO  [o.s.b.w.e.tomcat.GracefulShutdown] - Graceful shutdown complete
2025-04-15 15:55:45 INFO  [o.s.o.j.LocalContainerEntityManagerFactoryBean] - Closing JPA EntityManagerFactory for persistence unit 'default'
2025-04-15 15:55:45 INFO  [com.zaxxer.hikari.HikariDataSource] - HikariPool-1 - Shutdown initiated...
2025-04-15 15:55:45 INFO  [com.zaxxer.hikari.HikariDataSource] - HikariPool-1 - Shutdown completed.
